<?xml version="1.0" encoding="utf-8"?><testsuites name="pytest tests"><testsuite name="pytest" errors="0" failures="0" skipped="0" tests="20" time="3.381" timestamp="2026-06-01T14:49:13.705777+00:00" hostname="agent-env-3c49a365-daa4-4d53-950d-f8d81076e650"><testcase classname="backend.tests.backend_test.TestAuth" name="test_admin_login" time="0.418" /><testcase classname="backend.tests.backend_test.TestAuth" name="test_login_invalid" time="0.051" /><testcase classname="backend.tests.backend_test.TestAuth" name="test_me_requires_auth" time="0.156" /><testcase classname="backend.tests.backend_test.TestAuth" name="test_register_and_me" time="0.384" /><testcase classname="backend.tests.backend_test.TestProducts" name="test_list_all_products" time="0.112" /><testcase classname="backend.tests.backend_test.TestProducts" name="test_filter_by_category[8k]" time="0.117" /><testcase classname="backend.tests.backend_test.TestProducts" name="test_filter_by_category[14k]" time="0.151" /><testcase classname="backend.tests.backend_test.TestProducts" name="test_filter_by_category[21k]" time="0.113" /><testcase classname="backend.tests.backend_test.TestProducts" name="test_filter_by_category[22k]" time="0.113" /><testcase classname="backend.tests.backend_test.TestProducts" name="test_get_single_product" time="0.115" /><testcase classname="backend.tests.backend_test.TestProducts" name="test_get_unknown_product" time="0.112" /><testcase classname="backend.tests.backend_test.TestProducts" name="test_campaigns" time="0.107" /><testcase classname="backend.tests.backend_test.TestCart" name="test_add_to_cart" time="0.053" /><testcase classname="backend.tests.backend_test.TestCart" name="test_get_cart_has_item" time="0.056" /><testcase classname="backend.tests.backend_test.TestCart" name="test_add_invalid_product" time="0.059" /><testcase classname="backend.tests.backend_test.TestCart" name="test_remove_from_cart" time="0.109" /><testcase classname="backend.tests.backend_test.TestOrders" name="test_orders_requires_auth" time="0.111" /><testcase classname="backend.tests.backend_test.TestOrders" name="test_orders_empty_for_new_user" time="0.052" /><testcase classname="backend.tests.backend_test.TestCheckout" name="test_checkout_session_requires_cart" time="0.049" /><testcase classname="backend.tests.backend_test.TestCheckout" name="test_checkout_session_creates" time="0.868" /></testsuite></testsuites>